[ 2017-09-27T21:58:27+08:00 ] ::1 /devjiu/
INFO: [ app_init ] --START--
INFO: Run Behavior\BuildLiteBehavior [ RunTime:0.000000s ]
INFO: [ app_init ] --END-- [ RunTime:0.002000s ]
INFO: [ app_begin ] --START--
INFO: Run Behavior\ReadHtmlCacheBehavior [ RunTime:0.002000s ]
INFO: [ app_begin ] --END-- [ RunTime:0.002000s ]
SQL: SHOW COLUMNS FROM `p_menber` [ RunTime:0.0090s ]
SQL: SELECT * FROM `p_menber` WHERE `uid` = 68  [ RunTime:0.0010s ]
SQL: SELECT COUNT(*) AS tp_count FROM `p_menber` WHERE `fuid` = 68 LIMIT 1   [ RunTime:0.0020s ]
SQL: SHOW COLUMNS FROM `p_rite` [ RunTime:0.0070s ]
SQL: SELECT * FROM `p_rite` ORDER BY id DESC LIMIT 1   [ RunTime:0.0000s ]
SQL: SHOW COLUMNS FROM `p_incomelog` [ RunTime:0.0080s ]
SQL: SELECT SUM(income) AS tp_sum FROM `p_incomelog` WHERE `userid` = 68 AND `type` = 12 LIMIT 1   [ RunTime:0.0080s ]
INFO: [ view_parse ] --START--
INFO: [ template_filter ] --START--
INFO: Run Behavior\ContentReplaceBehavior [ RunTime:0.000000s ]
INFO: [ template_filter ] --END-- [ RunTime:0.000000s ]
NOTIC: [8] Undefined variable: intro C:\php\phpstudy\WWW\devjiu\Application\Runtime\Cache\Home\2a94b8bda04ff446dcedd42276fc99ee.php 第 92 行.
INFO: Run Behavior\ParseTemplateBehavior [ RunTime:0.016001s ]
INFO: [ view_parse ] --END-- [ RunTime:0.016001s ]
INFO: [ view_filter ] --START--
INFO: Run Behavior\WriteHtmlCacheBehavior [ RunTime:0.001000s ]
INFO: [ view_filter ] --END-- [ RunTime:0.001000s ]
INFO: [ app_end ] --START--
INFO: Run Behavior\ShowPageTraceBehavior [ RunTime:0.002001s ]
INFO: [ app_end ] --END-- [ RunTime:0.002001s ]

[ 2017-09-27T21:58:43+08:00 ] ::1 /devjiu/
INFO: [ app_init ] --START--
INFO: Run Behavior\BuildLiteBehavior [ RunTime:0.000000s ]
INFO: [ app_init ] --END-- [ RunTime:0.001000s ]
INFO: [ app_begin ] --START--
INFO: Run Behavior\ReadHtmlCacheBehavior [ RunTime:0.001000s ]
INFO: [ app_begin ] --END-- [ RunTime:0.001000s ]
SQL: SHOW COLUMNS FROM `p_menber` [ RunTime:0.0040s ]
SQL: SELECT * FROM `p_menber` WHERE `uid` = 68  [ RunTime:0.0000s ]
SQL: SELECT COUNT(*) AS tp_count FROM `p_menber` WHERE `fuid` = 68 LIMIT 1   [ RunTime:0.0010s ]
SQL: SHOW COLUMNS FROM `p_rite` [ RunTime:0.0050s ]
SQL: SELECT * FROM `p_rite` ORDER BY id DESC LIMIT 1   [ RunTime:0.0010s ]
SQL: SHOW COLUMNS FROM `p_incomelog` [ RunTime:0.0050s ]
SQL: SELECT SUM(income) AS tp_sum FROM `p_incomelog` WHERE `userid` = 68 AND `type` = 12 LIMIT 1   [ RunTime:0.0050s ]
INFO: [ view_parse ] --START--
INFO: [ template_filter ] --START--
INFO: Run Behavior\ContentReplaceBehavior [ RunTime:0.000000s ]
INFO: [ template_filter ] --END-- [ RunTime:0.000000s ]
NOTIC: [8] Undefined variable: intro C:\php\phpstudy\WWW\devjiu\Application\Runtime\Cache\Home\2a94b8bda04ff446dcedd42276fc99ee.php 第 92 行.
INFO: Run Behavior\ParseTemplateBehavior [ RunTime:0.010000s ]
INFO: [ view_parse ] --END-- [ RunTime:0.010000s ]
INFO: [ view_filter ] --START--
INFO: Run Behavior\WriteHtmlCacheBehavior [ RunTime:0.001000s ]
INFO: [ view_filter ] --END-- [ RunTime:0.001000s ]
INFO: [ app_end ] --START--
INFO: Run Behavior\ShowPageTraceBehavior [ RunTime:0.001000s ]
INFO: [ app_end ] --END-- [ RunTime:0.001000s ]

[ 2017-09-27T22:06:38+08:00 ] ::1 /devjiu/
INFO: [ app_init ] --START--
INFO: Run Behavior\BuildLiteBehavior [ RunTime:0.000000s ]
INFO: [ app_init ] --END-- [ RunTime:0.000000s ]
INFO: [ app_begin ] --START--
INFO: Run Behavior\ReadHtmlCacheBehavior [ RunTime:0.002001s ]
INFO: [ app_begin ] --END-- [ RunTime:0.002001s ]
SQL: SHOW COLUMNS FROM `p_menber` [ RunTime:0.0130s ]
SQL: SELECT * FROM `p_menber` WHERE `uid` = 68  [ RunTime:0.0010s ]
SQL: SELECT COUNT(*) AS tp_count FROM `p_menber` WHERE `fuid` = 68 LIMIT 1   [ RunTime:0.0010s ]
SQL: SHOW COLUMNS FROM `p_rite` [ RunTime:0.0300s ]
SQL: SELECT * FROM `p_rite` ORDER BY id DESC LIMIT 1   [ RunTime:0.0050s ]
SQL: SHOW COLUMNS FROM `p_incomelog` [ RunTime:0.0110s ]
SQL: SELECT SUM(income) AS tp_sum FROM `p_incomelog` WHERE `userid` = 68 AND `type` = 12 LIMIT 1   [ RunTime:0.0060s ]
INFO: [ view_parse ] --START--
INFO: [ template_filter ] --START--
INFO: Run Behavior\ContentReplaceBehavior [ RunTime:0.001000s ]
INFO: [ template_filter ] --END-- [ RunTime:0.001000s ]
NOTIC: [8] Undefined variable: intro C:\php\phpstudy\WWW\devjiu\Application\Runtime\Cache\Home\2a94b8bda04ff446dcedd42276fc99ee.php 第 92 行.
INFO: Run Behavior\ParseTemplateBehavior [ RunTime:0.016001s ]
INFO: [ view_parse ] --END-- [ RunTime:0.016001s ]
INFO: [ view_filter ] --START--
INFO: Run Behavior\WriteHtmlCacheBehavior [ RunTime:0.001000s ]
INFO: [ view_filter ] --END-- [ RunTime:0.001000s ]
INFO: [ app_end ] --START--
INFO: Run Behavior\ShowPageTraceBehavior [ RunTime:0.001000s ]
INFO: [ app_end ] --END-- [ RunTime:0.001000s ]

[ 2017-09-27T22:07:29+08:00 ] ::1 /devjiu/
INFO: [ app_init ] --START--
INFO: Run Behavior\BuildLiteBehavior [ RunTime:0.001000s ]
INFO: [ app_init ] --END-- [ RunTime:0.001000s ]
INFO: [ app_begin ] --START--
INFO: Run Behavior\ReadHtmlCacheBehavior [ RunTime:0.001000s ]
INFO: [ app_begin ] --END-- [ RunTime:0.001000s ]
SQL: SHOW COLUMNS FROM `p_menber` [ RunTime:0.0210s ]
SQL: SELECT * FROM `p_menber` WHERE `uid` = 68  [ RunTime:0.0020s ]
SQL: SELECT COUNT(*) AS tp_count FROM `p_menber` WHERE `fuid` = 68 LIMIT 1   [ RunTime:0.0010s ]
SQL: SHOW COLUMNS FROM `p_rite` [ RunTime:0.0140s ]
SQL: SELECT * FROM `p_rite` ORDER BY id DESC LIMIT 1   [ RunTime:0.0020s ]
SQL: SHOW COLUMNS FROM `p_incomelog` [ RunTime:0.0140s ]
SQL: SELECT SUM(income) AS tp_sum FROM `p_incomelog` WHERE `userid` = 68 AND `type` = 12 LIMIT 1   [ RunTime:0.0050s ]
INFO: [ view_parse ] --START--
INFO: [ template_filter ] --START--
INFO: Run Behavior\ContentReplaceBehavior [ RunTime:0.000000s ]
INFO: [ template_filter ] --END-- [ RunTime:0.000000s ]
NOTIC: [8] Undefined variable: intro C:\php\phpstudy\WWW\devjiu\Application\Runtime\Cache\Home\2a94b8bda04ff446dcedd42276fc99ee.php 第 92 行.
INFO: Run Behavior\ParseTemplateBehavior [ RunTime:0.013001s ]
INFO: [ view_parse ] --END-- [ RunTime:0.013001s ]
INFO: [ view_filter ] --START--
INFO: Run Behavior\WriteHtmlCacheBehavior [ RunTime:0.001000s ]
INFO: [ view_filter ] --END-- [ RunTime:0.001000s ]
INFO: [ app_end ] --START--
INFO: Run Behavior\ShowPageTraceBehavior [ RunTime:0.002000s ]
INFO: [ app_end ] --END-- [ RunTime:0.002000s ]

[ 2017-09-27T22:08:35+08:00 ] ::1 /devjiu/
INFO: [ app_init ] --START--
INFO: Run Behavior\BuildLiteBehavior [ RunTime:0.000000s ]
INFO: [ app_init ] --END-- [ RunTime:0.001000s ]
INFO: [ app_begin ] --START--
INFO: Run Behavior\ReadHtmlCacheBehavior [ RunTime:0.002001s ]
INFO: [ app_begin ] --END-- [ RunTime:0.002001s ]
SQL: SHOW COLUMNS FROM `p_menber` [ RunTime:0.0140s ]
SQL: SELECT * FROM `p_menber` WHERE `uid` = 68  [ RunTime:0.0020s ]
SQL: SELECT COUNT(*) AS tp_count FROM `p_menber` WHERE `fuid` = 68 LIMIT 1   [ RunTime:0.0010s ]
SQL: SHOW COLUMNS FROM `p_rite` [ RunTime:0.0120s ]
SQL: SELECT * FROM `p_rite` ORDER BY id DESC LIMIT 1   [ RunTime:0.0000s ]
SQL: SHOW COLUMNS FROM `p_incomelog` [ RunTime:0.0140s ]
SQL: SELECT SUM(income) AS tp_sum FROM `p_incomelog` WHERE `userid` = 68 AND `type` = 12 LIMIT 1   [ RunTime:0.0050s ]
INFO: [ view_parse ] --START--
INFO: [ template_filter ] --START--
INFO: Run Behavior\ContentReplaceBehavior [ RunTime:0.000000s ]
INFO: [ template_filter ] --END-- [ RunTime:0.000000s ]
NOTIC: [8] Undefined variable: intro C:\php\phpstudy\WWW\devjiu\Application\Runtime\Cache\Home\2a94b8bda04ff446dcedd42276fc99ee.php 第 92 行.
INFO: Run Behavior\ParseTemplateBehavior [ RunTime:0.011000s ]
INFO: [ view_parse ] --END-- [ RunTime:0.011000s ]
INFO: [ view_filter ] --START--
INFO: Run Behavior\WriteHtmlCacheBehavior [ RunTime:0.001000s ]
INFO: [ view_filter ] --END-- [ RunTime:0.001000s ]
INFO: [ app_end ] --START--
INFO: Run Behavior\ShowPageTraceBehavior [ RunTime:0.001000s ]
INFO: [ app_end ] --END-- [ RunTime:0.001000s ]

[ 2017-09-27T22:08:38+08:00 ] ::1 /devjiu/
INFO: [ app_init ] --START--
INFO: Run Behavior\BuildLiteBehavior [ RunTime:0.000000s ]
INFO: [ app_init ] --END-- [ RunTime:0.000000s ]
INFO: [ app_begin ] --START--
INFO: Run Behavior\ReadHtmlCacheBehavior [ RunTime:0.001000s ]
INFO: [ app_begin ] --END-- [ RunTime:0.001000s ]
SQL: SHOW COLUMNS FROM `p_menber` [ RunTime:0.0130s ]
SQL: SELECT * FROM `p_menber` WHERE `uid` = 68  [ RunTime:0.0010s ]
SQL: SELECT COUNT(*) AS tp_count FROM `p_menber` WHERE `fuid` = 68 LIMIT 1   [ RunTime:0.0020s ]
SQL: SHOW COLUMNS FROM `p_rite` [ RunTime:0.0140s ]
SQL: SELECT * FROM `p_rite` ORDER BY id DESC LIMIT 1   [ RunTime:0.0010s ]
SQL: SHOW COLUMNS FROM `p_incomelog` [ RunTime:0.0140s ]
SQL: SELECT SUM(income) AS tp_sum FROM `p_incomelog` WHERE `userid` = 68 AND `type` = 12 LIMIT 1   [ RunTime:0.0050s ]
INFO: [ view_parse ] --START--
INFO: [ template_filter ] --START--
INFO: Run Behavior\ContentReplaceBehavior [ RunTime:0.000000s ]
INFO: [ template_filter ] --END-- [ RunTime:0.001000s ]
NOTIC: [8] Undefined variable: intro C:\php\phpstudy\WWW\devjiu\Application\Runtime\Cache\Home\2a94b8bda04ff446dcedd42276fc99ee.php 第 92 行.
INFO: Run Behavior\ParseTemplateBehavior [ RunTime:0.011001s ]
INFO: [ view_parse ] --END-- [ RunTime:0.011001s ]
INFO: [ view_filter ] --START--
INFO: Run Behavior\WriteHtmlCacheBehavior [ RunTime:0.001000s ]
INFO: [ view_filter ] --END-- [ RunTime:0.001000s ]
INFO: [ app_end ] --START--
INFO: Run Behavior\ShowPageTraceBehavior [ RunTime:0.001000s ]
INFO: [ app_end ] --END-- [ RunTime:0.001000s ]

[ 2017-09-27T22:09:14+08:00 ] ::1 /devjiu/
INFO: [ app_init ] --START--
INFO: Run Behavior\BuildLiteBehavior [ RunTime:0.000000s ]
INFO: [ app_init ] --END-- [ RunTime:0.000000s ]
INFO: [ app_begin ] --START--
INFO: Run Behavior\ReadHtmlCacheBehavior [ RunTime:0.001000s ]
INFO: [ app_begin ] --END-- [ RunTime:0.001000s ]
SQL: SHOW COLUMNS FROM `p_menber` [ RunTime:0.0110s ]
SQL: SELECT * FROM `p_menber` WHERE `uid` = 68  [ RunTime:0.0010s ]
SQL: SELECT COUNT(*) AS tp_count FROM `p_menber` WHERE `fuid` = 68 LIMIT 1   [ RunTime:0.0010s ]
SQL: SHOW COLUMNS FROM `p_rite` [ RunTime:0.0130s ]
SQL: SELECT * FROM `p_rite` ORDER BY id DESC LIMIT 1   [ RunTime:0.0010s ]
SQL: SHOW COLUMNS FROM `p_incomelog` [ RunTime:0.0130s ]
SQL: SELECT SUM(income) AS tp_sum FROM `p_incomelog` WHERE `userid` = 68 AND `type` = 12 LIMIT 1   [ RunTime:0.0050s ]
INFO: [ view_parse ] --START--
INFO: [ template_filter ] --START--
INFO: Run Behavior\ContentReplaceBehavior [ RunTime:0.001000s ]
INFO: [ template_filter ] --END-- [ RunTime:0.001000s ]
NOTIC: [8] Undefined variable: intro C:\php\phpstudy\WWW\devjiu\Application\Runtime\Cache\Home\2a94b8bda04ff446dcedd42276fc99ee.php 第 92 行.
INFO: Run Behavior\ParseTemplateBehavior [ RunTime:0.011000s ]
INFO: [ view_parse ] --END-- [ RunTime:0.011000s ]
INFO: [ view_filter ] --START--
INFO: Run Behavior\WriteHtmlCacheBehavior [ RunTime:0.001000s ]
INFO: [ view_filter ] --END-- [ RunTime:0.001000s ]
INFO: [ app_end ] --START--
INFO: Run Behavior\ShowPageTraceBehavior [ RunTime:0.001000s ]
INFO: [ app_end ] --END-- [ RunTime:0.001000s ]

