[ 2017-10-08T13:51:00+08:00 ] ::1 /dev/devjiu/index.php/Home/Index/dealland
INFO: [ app_init ] --START--
INFO: Run Behavior\BuildLiteBehavior [ RunTime:0.000000s ]
INFO: [ app_init ] --END-- [ RunTime:0.001000s ]
INFO: [ app_begin ] --START--
INFO: Run Behavior\ReadHtmlCacheBehavior [ RunTime:0.001000s ]
INFO: [ app_begin ] --END-- [ RunTime:0.001000s ]
SQL: SHOW COLUMNS FROM `p_menber` [ RunTime:0.0240s ]
SQL: SELECT * FROM `p_menber` WHERE `uid` = 1  [ RunTime:0.0020s ]
SQL: SHOW COLUMNS FROM `p_orderlog` [ RunTime:0.0230s ]
SQL: SHOW COLUMNS FROM `p_land` [ RunTime:0.0240s ]
SQL: SELECT * FROM `p_orderlog` WHERE `userid` = 1 AND `states` = 1  [ RunTime:0.0020s ]
SQL: SELECT * FROM `p_land` WHERE `uid` = 1 AND `num` = 6 LIMIT 1   [ RunTime:0.0010s ]

[ 2017-10-08T13:53:06+08:00 ] ::1 /dev/devjiu/index.php/Home/Index/dealland
INFO: [ app_init ] --START--
INFO: Run Behavior\BuildLiteBehavior [ RunTime:0.000000s ]
INFO: [ app_init ] --END-- [ RunTime:0.001000s ]
INFO: [ app_begin ] --START--
INFO: Run Behavior\ReadHtmlCacheBehavior [ RunTime:0.001000s ]
INFO: [ app_begin ] --END-- [ RunTime:0.001000s ]
SQL: SHOW COLUMNS FROM `p_menber` [ RunTime:0.0190s ]
SQL: SELECT * FROM `p_menber` WHERE `uid` = 1  [ RunTime:0.0010s ]
INFO: [ app_end ] --START--
INFO: Run Behavior\ShowPageTraceBehavior [ RunTime:0.001000s ]
INFO: [ app_end ] --END-- [ RunTime:0.001000s ]

[ 2017-10-08T13:53:07+08:00 ] ::1 /dev/devjiu/index.php/Home/Index/index
INFO: [ app_init ] --START--
INFO: Run Behavior\BuildLiteBehavior [ RunTime:0.000000s ]
INFO: [ app_init ] --END-- [ RunTime:0.001000s ]
INFO: [ app_begin ] --START--
INFO: Run Behavior\ReadHtmlCacheBehavior [ RunTime:0.001000s ]
INFO: [ app_begin ] --END-- [ RunTime:0.001000s ]
SQL: SHOW COLUMNS FROM `p_menber` [ RunTime:0.0250s ]
SQL: SELECT * FROM `p_menber` WHERE `uid` = 1  [ RunTime:0.0020s ]
SQL: SHOW COLUMNS FROM `p_product` [ RunTime:0.0260s ]
SQL: SHOW COLUMNS FROM `p_orderlog` [ RunTime:0.0290s ]
SQL: SELECT COUNT(num) AS tp_count FROM `p_orderlog` WHERE `userid` = 1 AND `states` = 1 LIMIT 1   [ RunTime:0.0040s ]
SQL: SHOW COLUMNS FROM `p_land` [ RunTime:0.0260s ]
SQL: SELECT * FROM `p_land` WHERE `uid` = 1  [ RunTime:0.0010s ]
SQL: SELECT * FROM `p_product` WHERE `state` = 1 ORDER BY id asc  [ RunTime:0.0010s ]
SQL: SHOW COLUMNS FROM `p_config` [ RunTime:0.0240s ]
SQL: SELECT * FROM `p_config` WHERE `id` = 3 LIMIT 1   [ RunTime:0.0010s ]
INFO: [ view_parse ] --START--
INFO: [ template_filter ] --START--
INFO: Run Behavior\ContentReplaceBehavior [ RunTime:0.000000s ]
INFO: [ template_filter ] --END-- [ RunTime:0.000000s ]
INFO: Run Behavior\ParseTemplateBehavior [ RunTime:0.034002s ]
INFO: [ view_parse ] --END-- [ RunTime:0.034002s ]
INFO: [ view_filter ] --START--
INFO: Run Behavior\WriteHtmlCacheBehavior [ RunTime:0.000000s ]
INFO: [ view_filter ] --END-- [ RunTime:0.000000s ]
INFO: [ app_end ] --START--
INFO: Run Behavior\ShowPageTraceBehavior [ RunTime:0.001000s ]
INFO: [ app_end ] --END-- [ RunTime:0.001000s ]

[ 2017-10-08T13:53:10+08:00 ] ::1 /dev/devjiu/index.php/Home/Index/dealland
INFO: [ app_init ] --START--
INFO: Run Behavior\BuildLiteBehavior [ RunTime:0.000000s ]
INFO: [ app_init ] --END-- [ RunTime:0.001001s ]
INFO: [ app_begin ] --START--
INFO: Run Behavior\ReadHtmlCacheBehavior [ RunTime:0.001000s ]
INFO: [ app_begin ] --END-- [ RunTime:0.001000s ]
SQL: SHOW COLUMNS FROM `p_menber` [ RunTime:0.0210s ]
SQL: SELECT * FROM `p_menber` WHERE `uid` = 1  [ RunTime:0.0010s ]
INFO: [ app_end ] --START--
INFO: Run Behavior\ShowPageTraceBehavior [ RunTime:0.001000s ]
INFO: [ app_end ] --END-- [ RunTime:0.001000s ]

[ 2017-10-08T13:53:33+08:00 ] ::1 /dev/devjiu/index.php/Home/Index/index
INFO: [ app_init ] --START--
INFO: Run Behavior\BuildLiteBehavior [ RunTime:0.000000s ]
INFO: [ app_init ] --END-- [ RunTime:0.001000s ]
INFO: [ app_begin ] --START--
INFO: Run Behavior\ReadHtmlCacheBehavior [ RunTime:0.001000s ]
INFO: [ app_begin ] --END-- [ RunTime:0.001000s ]
SQL: SHOW COLUMNS FROM `p_menber` [ RunTime:0.0270s ]
SQL: SELECT * FROM `p_menber` WHERE `uid` = 1  [ RunTime:0.0020s ]
SQL: SHOW COLUMNS FROM `p_product` [ RunTime:0.0210s ]
SQL: SHOW COLUMNS FROM `p_orderlog` [ RunTime:0.0240s ]
SQL: SELECT COUNT(num) AS tp_count FROM `p_orderlog` WHERE `userid` = 1 AND `states` = 1 LIMIT 1   [ RunTime:0.0020s ]
SQL: SHOW COLUMNS FROM `p_land` [ RunTime:0.0250s ]
SQL: SELECT * FROM `p_land` WHERE `uid` = 1  [ RunTime:0.0010s ]
SQL: SELECT * FROM `p_product` WHERE `state` = 1 ORDER BY id asc  [ RunTime:0.0010s ]
SQL: SHOW COLUMNS FROM `p_config` [ RunTime:0.0210s ]
SQL: SELECT * FROM `p_config` WHERE `id` = 3 LIMIT 1   [ RunTime:0.0000s ]
INFO: [ view_parse ] --START--
INFO: [ template_filter ] --START--
INFO: Run Behavior\ContentReplaceBehavior [ RunTime:0.000000s ]
INFO: [ template_filter ] --END-- [ RunTime:0.000000s ]
INFO: Run Behavior\ParseTemplateBehavior [ RunTime:0.017001s ]
INFO: [ view_parse ] --END-- [ RunTime:0.017001s ]
INFO: [ view_filter ] --START--
INFO: Run Behavior\WriteHtmlCacheBehavior [ RunTime:0.000000s ]
INFO: [ view_filter ] --END-- [ RunTime:0.000000s ]
INFO: [ app_end ] --START--
INFO: Run Behavior\ShowPageTraceBehavior [ RunTime:0.001000s ]
INFO: [ app_end ] --END-- [ RunTime:0.001000s ]

[ 2017-10-08T13:55:57+08:00 ] ::1 /dev/devjiu/index.php/Home/Index/index
INFO: [ app_init ] --START--
INFO: Run Behavior\BuildLiteBehavior [ RunTime:0.000000s ]
INFO: [ app_init ] --END-- [ RunTime:0.006000s ]
INFO: [ app_begin ] --START--
INFO: Run Behavior\ReadHtmlCacheBehavior [ RunTime:0.001000s ]
INFO: [ app_begin ] --END-- [ RunTime:0.001000s ]
SQL: SHOW COLUMNS FROM `p_menber` [ RunTime:0.0210s ]
SQL: SELECT * FROM `p_menber` WHERE `uid` = 1  [ RunTime:0.0010s ]
SQL: SHOW COLUMNS FROM `p_product` [ RunTime:0.0220s ]
SQL: SHOW COLUMNS FROM `p_orderlog` [ RunTime:0.0120s ]
SQL: SELECT COUNT(num) AS tp_count FROM `p_orderlog` WHERE `userid` = 1 AND `states` = 1 LIMIT 1   [ RunTime:0.0020s ]
SQL: SHOW COLUMNS FROM `p_land` [ RunTime:0.0170s ]
SQL: SELECT * FROM `p_land` WHERE `uid` = 1  [ RunTime:0.0020s ]
SQL: SELECT * FROM `p_product` WHERE `state` = 1 ORDER BY id asc  [ RunTime:0.0020s ]
SQL: SHOW COLUMNS FROM `p_config` [ RunTime:0.0300s ]
SQL: SELECT * FROM `p_config` WHERE `id` = 3 LIMIT 1   [ RunTime:0.0010s ]
INFO: [ view_parse ] --START--
INFO: [ template_filter ] --START--
INFO: Run Behavior\ContentReplaceBehavior [ RunTime:0.000000s ]
INFO: [ template_filter ] --END-- [ RunTime:0.000000s ]
INFO: Run Behavior\ParseTemplateBehavior [ RunTime:0.018001s ]
INFO: [ view_parse ] --END-- [ RunTime:0.018001s ]
INFO: [ view_filter ] --START--
INFO: Run Behavior\WriteHtmlCacheBehavior [ RunTime:0.001000s ]
INFO: [ view_filter ] --END-- [ RunTime:0.001000s ]
INFO: [ app_end ] --START--
INFO: Run Behavior\ShowPageTraceBehavior [ RunTime:0.001000s ]
INFO: [ app_end ] --END-- [ RunTime:0.001000s ]

[ 2017-10-08T13:56:00+08:00 ] ::1 /dev/devjiu/index.php/Home/Index/dealland
INFO: [ app_init ] --START--
INFO: Run Behavior\BuildLiteBehavior [ RunTime:0.000000s ]
INFO: [ app_init ] --END-- [ RunTime:0.000000s ]
INFO: [ app_begin ] --START--
INFO: Run Behavior\ReadHtmlCacheBehavior [ RunTime:0.000000s ]
INFO: [ app_begin ] --END-- [ RunTime:0.000000s ]
SQL: SHOW COLUMNS FROM `p_menber` [ RunTime:0.0220s ]
SQL: SELECT * FROM `p_menber` WHERE `uid` = 1  [ RunTime:0.0010s ]
SQL: SELECT * FROM `p_menber` WHERE `uid` = 1 LIMIT 1   [ RunTime:0.0010s ]
INFO: [ app_end ] --START--
INFO: Run Behavior\ShowPageTraceBehavior [ RunTime:0.001000s ]
INFO: [ app_end ] --END-- [ RunTime:0.001000s ]

[ 2017-10-08T13:56:02+08:00 ] ::1 /dev/devjiu/index.php/Home/Index/index
INFO: [ app_init ] --START--
INFO: Run Behavior\BuildLiteBehavior [ RunTime:0.000000s ]
INFO: [ app_init ] --END-- [ RunTime:0.000000s ]
INFO: [ app_begin ] --START--
INFO: Run Behavior\ReadHtmlCacheBehavior [ RunTime:0.001000s ]
INFO: [ app_begin ] --END-- [ RunTime:0.001000s ]
SQL: SHOW COLUMNS FROM `p_menber` [ RunTime:0.0260s ]
SQL: SELECT * FROM `p_menber` WHERE `uid` = 1  [ RunTime:0.0010s ]
SQL: SHOW COLUMNS FROM `p_product` [ RunTime:0.0230s ]
SQL: SHOW COLUMNS FROM `p_orderlog` [ RunTime:0.0280s ]
SQL: SELECT COUNT(num) AS tp_count FROM `p_orderlog` WHERE `userid` = 1 AND `states` = 1 LIMIT 1   [ RunTime:0.0010s ]
SQL: SHOW COLUMNS FROM `p_land` [ RunTime:0.0190s ]
SQL: SELECT * FROM `p_land` WHERE `uid` = 1  [ RunTime:0.0010s ]
SQL: SELECT * FROM `p_product` WHERE `state` = 1 ORDER BY id asc  [ RunTime:0.0000s ]
SQL: SHOW COLUMNS FROM `p_config` [ RunTime:0.0220s ]
SQL: SELECT * FROM `p_config` WHERE `id` = 3 LIMIT 1   [ RunTime:0.0030s ]
INFO: [ view_parse ] --START--
INFO: [ template_filter ] --START--
INFO: Run Behavior\ContentReplaceBehavior [ RunTime:0.000000s ]
INFO: [ template_filter ] --END-- [ RunTime:0.000000s ]
INFO: Run Behavior\ParseTemplateBehavior [ RunTime:0.025002s ]
INFO: [ view_parse ] --END-- [ RunTime:0.025002s ]
INFO: [ view_filter ] --START--
INFO: Run Behavior\WriteHtmlCacheBehavior [ RunTime:0.001000s ]
INFO: [ view_filter ] --END-- [ RunTime:0.001000s ]
INFO: [ app_end ] --START--
INFO: Run Behavior\ShowPageTraceBehavior [ RunTime:0.001000s ]
INFO: [ app_end ] --END-- [ RunTime:0.001000s ]

[ 2017-10-08T13:56:16+08:00 ] ::1 /dev/devjiu/index.php/Home/Index/dealland
INFO: [ app_init ] --START--
INFO: Run Behavior\BuildLiteBehavior [ RunTime:0.000000s ]
INFO: [ app_init ] --END-- [ RunTime:0.000000s ]
INFO: [ app_begin ] --START--
INFO: Run Behavior\ReadHtmlCacheBehavior [ RunTime:0.000000s ]
INFO: [ app_begin ] --END-- [ RunTime:0.000000s ]
SQL: SHOW COLUMNS FROM `p_menber` [ RunTime:0.0230s ]
SQL: SELECT * FROM `p_menber` WHERE `uid` = 1  [ RunTime:0.0010s ]
SQL: SELECT * FROM `p_menber` WHERE `uid` = 1 LIMIT 1   [ RunTime:0.0010s ]

[ 2017-10-08T13:56:18+08:00 ] ::1 /dev/devjiu/index.php/Home/Index/index
INFO: [ app_init ] --START--
INFO: Run Behavior\BuildLiteBehavior [ RunTime:0.000000s ]
INFO: [ app_init ] --END-- [ RunTime:0.001000s ]
INFO: [ app_begin ] --START--
INFO: Run Behavior\ReadHtmlCacheBehavior [ RunTime:0.001000s ]
INFO: [ app_begin ] --END-- [ RunTime:0.001000s ]
SQL: SHOW COLUMNS FROM `p_menber` [ RunTime:0.0310s ]
SQL: SELECT * FROM `p_menber` WHERE `uid` = 1  [ RunTime:0.0030s ]
SQL: SHOW COLUMNS FROM `p_product` [ RunTime:0.0270s ]
SQL: SHOW COLUMNS FROM `p_orderlog` [ RunTime:0.0280s ]
SQL: SELECT COUNT(num) AS tp_count FROM `p_orderlog` WHERE `userid` = 1 AND `states` = 1 LIMIT 1   [ RunTime:0.0040s ]
SQL: SHOW COLUMNS FROM `p_land` [ RunTime:0.0260s ]
SQL: SELECT * FROM `p_land` WHERE `uid` = 1  [ RunTime:0.0020s ]
SQL: SELECT * FROM `p_product` WHERE `state` = 1 ORDER BY id asc  [ RunTime:0.0010s ]
SQL: SHOW COLUMNS FROM `p_config` [ RunTime:0.0330s ]
SQL: SELECT * FROM `p_config` WHERE `id` = 3 LIMIT 1   [ RunTime:0.0030s ]
INFO: [ view_parse ] --START--
INFO: [ template_filter ] --START--
INFO: Run Behavior\ContentReplaceBehavior [ RunTime:0.000000s ]
INFO: [ template_filter ] --END-- [ RunTime:0.000000s ]
INFO: Run Behavior\ParseTemplateBehavior [ RunTime:0.027002s ]
INFO: [ view_parse ] --END-- [ RunTime:0.027002s ]
INFO: [ view_filter ] --START--
INFO: Run Behavior\WriteHtmlCacheBehavior [ RunTime:0.001000s ]
INFO: [ view_filter ] --END-- [ RunTime:0.001000s ]
INFO: [ app_end ] --START--
INFO: Run Behavior\ShowPageTraceBehavior [ RunTime:0.001000s ]
INFO: [ app_end ] --END-- [ RunTime:0.001000s ]

